{
  "stats": {
    "suites": 1,
    "tests": 1,
    "passes": 1,
    "pending": 0,
    "failures": 0,
    "start": "2023-07-06T16:28:54.578Z",
    "end": "2023-07-06T16:28:55.849Z",
    "duration": 1271,
    "testsRegistered": 1,
    "passPercent": 100,
    "pendingPercent": 0,
    "other": 0,
    "hasOther": false,
    "skipped": 0,
    "hasSkipped": false
  },
  "results": [
    {
      "uuid": "d213c725-aeeb-4388-9f81-29dd47b5bd44",
      "title": "",
      "fullFile": "C:\\Users\\USER\\Documents\\apiHerokuapp\\tests\\scenarios\\creating-booking.test.js",
      "file": "\\tests\\scenarios\\creating-booking.test.js",
      "beforeHooks": [],
      "afterHooks": [],
      "tests": [],
      "suites": [
        {
          "uuid": "c0a5383e-c68a-40b9-9d49-e99792545d69",
          "title": "Creating booking",
          "fullFile": "C:\\Users\\USER\\Documents\\apiHerokuapp\\tests\\scenarios\\creating-booking.test.js",
          "file": "\\tests\\scenarios\\creating-booking.test.js",
          "beforeHooks": [],
          "afterHooks": [],
          "tests": [
            {
              "title": "Creating booking successfully with valid data",
              "fullTitle": "Creating booking Creating booking successfully with valid data",
              "timedOut": false,
              "duration": 1259,
              "state": "passed",
              "speed": "slow",
              "pass": true,
              "fail": false,
              "pending": false,
              "context": null,
              "code": "const response = await herokuappAPI.creating_booking(data.VALID_BOOKING);\nassert.equal(response.status, 200);\nassert.equal(response.data.booking.firstname, \"Argavi\")",
              "err": {},
              "uuid": "09c45776-5033-4942-aa88-e95ca4ced728",
              "parentUUID": "c0a5383e-c68a-40b9-9d49-e99792545d69",
              "isHook": false,
              "skipped": false
            }
          ],
          "suites": [],
          "passes": [
            "09c45776-5033-4942-aa88-e95ca4ced728"
          ],
          "failures": [],
          "pending": [],
          "skipped": [],
          "duration": 1259,
          "root": false,
          "rootEmpty": false,
          "_timeout": 2000
        }
      ],
      "passes": [],
      "failures": [],
      "pending": [],
      "skipped": [],
      "duration": 0,
      "root": true,
      "rootEmpty": true,
      "_timeout": 2000
    }
  ],
  "meta": {
    "mocha": {
      "version": "10.2.0"
    },
    "mochawesome": {
      "options": {
        "quiet": false,
        "reportFilename": "mochawesome",
        "saveHtml": true,
        "saveJson": true,
        "consoleReporter": "spec",
        "useInlineDiffs": false,
        "code": true
      },
      "version": "7.1.3"
    },
    "marge": {
      "options": {
        "reportDir": "reports"
      },
      "version": "6.2.0"
    }
  }
}