{
  "stats": {
    "suites": 1,
    "tests": 1,
    "passes": 1,
    "pending": 0,
    "failures": 0,
    "start": "2023-07-07T04:35:25.302Z",
    "end": "2023-07-07T04:35:27.397Z",
    "duration": 2095,
    "testsRegistered": 1,
    "passPercent": 100,
    "pendingPercent": 0,
    "other": 0,
    "hasOther": false,
    "skipped": 0,
    "hasSkipped": false
  },
  "results": [
    {
      "uuid": "3a91dbaf-baa8-46e5-a9aa-d849d6fe5d8e",
      "title": "",
      "fullFile": "C:\\Users\\USER\\Documents\\apiHerokuapp\\tests\\scenarios\\delete-booking.test.js",
      "file": "\\tests\\scenarios\\delete-booking.test.js",
      "beforeHooks": [],
      "afterHooks": [],
      "tests": [],
      "suites": [
        {
          "uuid": "9cb56dc2-c486-42f4-b3c5-b5bf2285d85a",
          "title": "Deleting booking",
          "fullFile": "C:\\Users\\USER\\Documents\\apiHerokuapp\\tests\\scenarios\\delete-booking.test.js",
          "file": "\\tests\\scenarios\\delete-booking.test.js",
          "beforeHooks": [],
          "afterHooks": [],
          "tests": [
            {
              "title": "Delete booking successfully",
              "fullTitle": "Deleting booking Delete booking successfully",
              "timedOut": false,
              "duration": 2080,
              "state": "passed",
              "speed": "slow",
              "pass": true,
              "fail": false,
              "pending": false,
              "context": null,
              "code": "// Creating booking first\nconst responseCreate = await herokuappAPI.creating_booking(data.VALID_BOOKING);\nconst bookingId = responseCreate.data.bookingid\n// Deleting booking\nconst responseDel = await herokuappAPI.delete_booking(bookingId);\nassert.equal(responseDel.status, 201);",
              "err": {},
              "uuid": "515f6e8b-1fd8-4cef-9f50-948e91e504f1",
              "parentUUID": "9cb56dc2-c486-42f4-b3c5-b5bf2285d85a",
              "isHook": false,
              "skipped": false
            }
          ],
          "suites": [],
          "passes": [
            "515f6e8b-1fd8-4cef-9f50-948e91e504f1"
          ],
          "failures": [],
          "pending": [],
          "skipped": [],
          "duration": 2080,
          "root": false,
          "rootEmpty": false,
          "_timeout": 2000
        }
      ],
      "passes": [],
      "failures": [],
      "pending": [],
      "skipped": [],
      "duration": 0,
      "root": true,
      "rootEmpty": true,
      "_timeout": 2000
    }
  ],
  "meta": {
    "mocha": {
      "version": "10.2.0"
    },
    "mochawesome": {
      "options": {
        "quiet": false,
        "reportFilename": "mochawesome",
        "saveHtml": true,
        "saveJson": true,
        "consoleReporter": "spec",
        "useInlineDiffs": false,
        "code": true
      },
      "version": "7.1.3"
    },
    "marge": {
      "options": {
        "reportDir": "reports"
      },
      "version": "6.2.0"
    }
  }
}